Determining if the pthread_create exist failed with the following output:
Change Dir: /home/alex/projects/rcj-code/Software/build/CMakeFiles/CMakeTmp

Run Build Command:"/usr/bin/make" "cmTC_46f9b/fast"
/usr/bin/make -f CMakeFiles/cmTC_46f9b.dir/build.make CMakeFiles/cmTC_46f9b.dir/build
make[1]: Entering directory '/home/alex/projects/rcj-code/Software/build/CMakeFiles/CMakeTmp'
Building C object CMakeFiles/cmTC_46f9b.dir/CheckSymbolExists.c.o
/usr/bin/cc     -o CMakeFiles/cmTC_46f9b.dir/CheckSymbolExists.c.o   -c /home/alex/projects/rcj-code/Software/build/CMakeFiles/CMakeTmp/CheckSymbolExists.c
Linking C executable cmTC_46f9b
/usr/bin/cmake -E cmake_link_script CMakeFiles/cmTC_46f9b.dir/link.txt --verbose=1
/usr/bin/cc       CMakeFiles/cmTC_46f9b.dir/CheckSymbolExists.c.o  -o cmTC_46f9b 
CMakeFiles/cmTC_46f9b.dir/CheckSymbolExists.c.o: In function `main':
CheckSymbolExists.c:(.text+0xe): undefined reference to `pthread_create'
CheckSymbolExists.c:(.text+0x12): undefined reference to `pthread_create'
collect2: error: ld returned 1 exit status
CMakeFiles/cmTC_46f9b.dir/build.make:97: recipe for target 'cmTC_46f9b' failed
make[1]: *** [cmTC_46f9b] Error 1
make[1]: Leaving directory '/home/alex/projects/rcj-code/Software/build/CMakeFiles/CMakeTmp'
Makefile:126: recipe for target 'cmTC_46f9b/fast' failed
make: *** [cmTC_46f9b/fast] Error 2

File /home/alex/projects/rcj-code/Software/build/CMakeFiles/CMakeTmp/CheckSymbolExists.c:
/* */
#include <pthread.h>

int main(int argc, char** argv)
{
  (void)argv;
#ifndef pthread_create
  return ((int*)(&pthread_create))[argc];
#else
  (void)argc;
  return 0;
#endif
}

Determining if the function pthread_create exists in the pthreads failed with the following output:
Change Dir: /home/alex/projects/rcj-code/Software/build/CMakeFiles/CMakeTmp

Run Build Command:"/usr/bin/make" "cmTC_0ffd0/fast"
/usr/bin/make -f CMakeFiles/cmTC_0ffd0.dir/build.make CMakeFiles/cmTC_0ffd0.dir/build
make[1]: Entering directory '/home/alex/projects/rcj-code/Software/build/CMakeFiles/CMakeTmp'
Building C object CMakeFiles/cmTC_0ffd0.dir/CheckFunctionExists.c.o
/usr/bin/cc    -DCHECK_FUNCTION_EXISTS=pthread_create   -o CMakeFiles/cmTC_0ffd0.dir/CheckFunctionExists.c.o   -c /usr/share/cmake-3.5/Modules/CheckFunctionExists.c
Linking C executable cmTC_0ffd0
/usr/bin/cmake -E cmake_link_script CMakeFiles/cmTC_0ffd0.dir/link.txt --verbose=1
/usr/bin/cc   -DCHECK_FUNCTION_EXISTS=pthread_create    CMakeFiles/cmTC_0ffd0.dir/CheckFunctionExists.c.o  -o cmTC_0ffd0 -lpthreads 
/usr/bin/ld: cannot find -lpthreads
collect2: error: ld returned 1 exit status
CMakeFiles/cmTC_0ffd0.dir/build.make:97: recipe for target 'cmTC_0ffd0' failed
make[1]: *** [cmTC_0ffd0] Error 1
make[1]: Leaving directory '/home/alex/projects/rcj-code/Software/build/CMakeFiles/CMakeTmp'
Makefile:126: recipe for target 'cmTC_0ffd0/fast' failed
make: *** [cmTC_0ffd0/fast] Error 2


