Build started 4/21/2017 8:24:19 PM.
     1>Project "C:\projects\StormingRobots2017\Software\xml\tinyxml.vcxproj" on node 2 (Build target(s)).
     1>ClCompile:
         C:\Program Files (x86)\Microsoft Visual Studio 11.0\VC\bin\x86_amd64\CL.exe /c /Zi /nologo /W4 /WX- /Od /D WIN32 /D _DEBUG /D _LIB /D XML_EXPORTS /D _VC80_UPGRADE=0x0600 /D _WINDLL /D _MBCS /Gm- /EHsc /RTC1 /MDd /GS /fp:precise /Zc:wchar_t /Zc:forScope /Fo"x64\Debug\\" /Fd"x64\Debug\vc110.pdb" /FR"x64\Debug\\" /Gd /TP /errorReport:prompt tinystr.cpp tinyxml.cpp tinyxmlerror.cpp tinyxmlparser.cpp
         tinystr.cpp
         tinyxml.cpp
         tinyxmlerror.cpp
         tinyxmlparser.cpp
         Generating Code...
       Link:
         C:\Program Files (x86)\Microsoft Visual Studio 11.0\VC\bin\x86_amd64\link.exe /ERRORREPORT:PROMPT /OUT:"C:\projects\StormingRobots2017\Software\workspace\x64\Debug\tinyxml_d.dll" /NOLOGO kernel32.lib user32.lib gdi32.lib winspool.lib comdlg32.lib advapi32.lib shell32.lib ole32.lib oleaut32.lib uuid.lib odbc32.lib odbccp32.lib /MANIFEST /MANIFESTUAC:"level='asInvoker' uiAccess='false'" /manifest:embed /PDB:"C:\projects\StormingRobots2017\Software\workspace\x64\Debug\tinyxml_d.pdb" /TLBID:1 /DYNAMICBASE /NXCOMPAT /IMPLIB:"C:\projects\StormingRobots2017\Software\workspace\x64\Debug\tinyxml_d.lib" /MACHINE:X64 /DLL x64\Debug\tinystr.obj
         x64\Debug\tinyxml.obj
         x64\Debug\tinyxmlerror.obj
         x64\Debug\tinyxmlparser.obj
            Creating library C:\projects\StormingRobots2017\Software\workspace\x64\Debug\tinyxml_d.lib and object C:\projects\StormingRobots2017\Software\workspace\x64\Debug\tinyxml_d.exp
         tinyxml.vcxproj -> C:\projects\StormingRobots2017\Software\workspace\x64\Debug\tinyxml_d.dll
       BscMake:
         C:\Program Files (x86)\Microsoft Visual Studio 11.0\VC\bin\bscmake.exe /nologo /o"C:\projects\StormingRobots2017\Software\workspace\x64\Debug\tinyxml_d.bsc" x64\Debug\tinystr.sbr x64\Debug\tinyxml.sbr x64\Debug\tinyxmlerror.sbr x64\Debug\tinyxmlparser.sbr
     1>Done Building Project "C:\projects\StormingRobots2017\Software\xml\tinyxml.vcxproj" (Build target(s)).

Build succeeded.

Time Elapsed 00:00:01.20
